{"/Users/paasxx/Documents/github/sezzle-calculator/frontend/src/Calculator.tsx": {"path":"/Users/paasxx/Documents/github/sezzle-calculator/frontend/src/Calculator.tsx","statementMap":{"0":{"start":{"line":4,"column":25},"end":{"line":11,"column":null}},"1":{"start":{"line":18,"column":27},"end":{"line":18,"column":null}},"2":{"start":{"line":23,"column":2},"end":{"line":23,"column":null}},"3":{"start":{"line":23,"column":24},"end":{"line":23,"column":null}},"4":{"start":{"line":24,"column":2},"end":{"line":24,"column":null}},"5":{"start":{"line":24,"column":25},"end":{"line":24,"column":null}},"6":{"start":{"line":25,"column":2},"end":{"line":25,"column":null}},"7":{"start":{"line":25,"column":25},"end":{"line":25,"column":null}},"8":{"start":{"line":26,"column":2},"end":{"line":26,"column":null}},"9":{"start":{"line":26,"column":25},"end":{"line":26,"column":null}},"10":{"start":{"line":27,"column":2},"end":{"line":27,"column":null}},"11":{"start":{"line":31,"column":32},"end":{"line":31,"column":null}},"12":{"start":{"line":32,"column":42},"end":{"line":32,"column":null}},"13":{"start":{"line":33,"column":36},"end":{"line":33,"column":null}},"14":{"start":{"line":34,"column":64},"end":{"line":34,"column":null}},"15":{"start":{"line":35,"column":30},"end":{"line":35,"column":null}},"16":{"start":{"line":36,"column":28},"end":{"line":36,"column":null}},"17":{"start":{"line":41,"column":34},"end":{"line":41,"column":null}},"18":{"start":{"line":44,"column":4},"end":{"line":44,"column":null}},"19":{"start":{"line":44,"column":15},"end":{"line":44,"column":null}},"20":{"start":{"line":45,"column":4},"end":{"line":49,"column":null}},"21":{"start":{"line":46,"column":6},"end":{"line":46,"column":null}},"22":{"start":{"line":47,"column":6},"end":{"line":47,"column":null}},"23":{"start":{"line":48,"column":6},"end":{"line":48,"column":null}},"24":{"start":{"line":50,"column":4},"end":{"line":54,"column":null}},"25":{"start":{"line":51,"column":6},"end":{"line":51,"column":null}},"26":{"start":{"line":51,"column":24},"end":{"line":51,"column":null}},"27":{"start":{"line":52,"column":6},"end":{"line":52,"column":null}},"28":{"start":{"line":52,"column":45},"end":{"line":52,"column":null}},"29":{"start":{"line":53,"column":6},"end":{"line":53,"column":null}},"30":{"start":{"line":58,"column":4},"end":{"line":58,"column":null}},"31":{"start":{"line":58,"column":15},"end":{"line":58,"column":null}},"32":{"start":{"line":59,"column":4},"end":{"line":63,"column":null}},"33":{"start":{"line":60,"column":6},"end":{"line":60,"column":null}},"34":{"start":{"line":61,"column":6},"end":{"line":61,"column":null}},"35":{"start":{"line":62,"column":6},"end":{"line":62,"column":null}},"36":{"start":{"line":64,"column":4},"end":{"line":67,"column":null}},"37":{"start":{"line":65,"column":6},"end":{"line":65,"column":null}},"38":{"start":{"line":65,"column":67},"end":{"line":65,"column":null}},"39":{"start":{"line":66,"column":6},"end":{"line":66,"column":null}},"40":{"start":{"line":71,"column":4},"end":{"line":71,"column":null}},"41":{"start":{"line":71,"column":42},"end":{"line":71,"column":null}},"42":{"start":{"line":72,"column":4},"end":{"line":72,"column":null}},"43":{"start":{"line":72,"column":26},"end":{"line":72,"column":68}},"44":{"start":{"line":76,"column":4},"end":{"line":76,"column":null}},"45":{"start":{"line":77,"column":4},"end":{"line":77,"column":null}},"46":{"start":{"line":78,"column":4},"end":{"line":78,"column":null}},"47":{"start":{"line":79,"column":4},"end":{"line":79,"column":null}},"48":{"start":{"line":80,"column":4},"end":{"line":80,"column":null}},"49":{"start":{"line":84,"column":4},"end":{"line":84,"column":null}},"50":{"start":{"line":84,"column":42},"end":{"line":84,"column":null}},"51":{"start":{"line":85,"column":4},"end":{"line":85,"column":null}},"52":{"start":{"line":86,"column":4},"end":{"line":86,"column":null}},"53":{"start":{"line":87,"column":4},"end":{"line":87,"column":null}},"54":{"start":{"line":91,"column":4},"end":{"line":91,"column":null}},"55":{"start":{"line":91,"column":25},"end":{"line":91,"column":null}},"56":{"start":{"line":92,"column":4},"end":{"line":92,"column":null}},"57":{"start":{"line":93,"column":4},"end":{"line":100,"column":null}},"58":{"start":{"line":94,"column":23},"end":{"line":94,"column":null}},"59":{"start":{"line":95,"column":6},"end":{"line":95,"column":null}},"60":{"start":{"line":97,"column":6},"end":{"line":97,"column":null}},"61":{"start":{"line":99,"column":6},"end":{"line":99,"column":null}},"62":{"start":{"line":104,"column":4},"end":{"line":104,"column":null}},"63":{"start":{"line":104,"column":63},"end":{"line":104,"column":null}},"64":{"start":{"line":105,"column":4},"end":{"line":105,"column":null}},"65":{"start":{"line":106,"column":4},"end":{"line":123,"column":null}},"66":{"start":{"line":107,"column":28},"end":{"line":107,"column":null}},"67":{"start":{"line":112,"column":8},"end":{"line":114,"column":null}},"68":{"start":{"line":115,"column":6},"end":{"line":115,"column":null}},"69":{"start":{"line":116,"column":6},"end":{"line":116,"column":null}},"70":{"start":{"line":117,"column":6},"end":{"line":117,"column":null}},"71":{"start":{"line":119,"column":6},"end":{"line":119,"column":null}},"72":{"start":{"line":121,"column":6},"end":{"line":121,"column":null}},"73":{"start":{"line":122,"column":6},"end":{"line":122,"column":null}},"74":{"start":{"line":129,"column":4},"end":{"line":133,"column":null}},"75":{"start":{"line":135,"column":20},"end":{"line":135,"column":null}},"76":{"start":{"line":137,"column":2},"end":{"line":185,"column":null}},"77":{"start":{"line":154,"column":31},"end":{"line":154,"column":61}},"78":{"start":{"line":155,"column":31},"end":{"line":155,"column":57}},"79":{"start":{"line":157,"column":31},"end":{"line":157,"column":48}},"80":{"start":{"line":158,"column":31},"end":{"line":158,"column":48}},"81":{"start":{"line":159,"column":31},"end":{"line":159,"column":48}},"82":{"start":{"line":160,"column":31},"end":{"line":160,"column":59}},"83":{"start":{"line":162,"column":31},"end":{"line":162,"column":48}},"84":{"start":{"line":163,"column":31},"end":{"line":163,"column":48}},"85":{"start":{"line":164,"column":31},"end":{"line":164,"column":48}},"86":{"start":{"line":165,"column":31},"end":{"line":165,"column":59}},"87":{"start":{"line":167,"column":31},"end":{"line":167,"column":48}},"88":{"start":{"line":168,"column":31},"end":{"line":168,"column":48}},"89":{"start":{"line":169,"column":31},"end":{"line":169,"column":48}},"90":{"start":{"line":170,"column":31},"end":{"line":170,"column":54}},"91":{"start":{"line":173,"column":31},"end":{"line":173,"column":48}},"92":{"start":{"line":175,"column":31},"end":{"line":175,"column":56}}},"fnMap":{"0":{"name":"screenFontSize","decl":{"start":{"line":22,"column":9},"end":{"line":22,"column":24}},"loc":{"start":{"line":22,"column":46},"end":{"line":28,"column":null}},"line":22},"1":{"name":"Calculator","decl":{"start":{"line":30,"column":9},"end":{"line":30,"column":22}},"loc":{"start":{"line":30,"column":22},"end":{"line":187,"column":null}},"line":30},"2":{"name":"inputDigit","decl":{"start":{"line":43,"column":11},"end":{"line":43,"column":22}},"loc":{"start":{"line":43,"column":37},"end":{"line":55,"column":null}},"line":43},"3":{"name":"(anonymous_3)","decl":{"start":{"line":50,"column":4},"end":{"line":50,"column":16}},"loc":{"start":{"line":50,"column":25},"end":{"line":54,"column":5}},"line":50},"4":{"name":"inputDecimal","decl":{"start":{"line":57,"column":11},"end":{"line":57,"column":26}},"loc":{"start":{"line":57,"column":26},"end":{"line":68,"column":null}},"line":57},"5":{"name":"(anonymous_5)","decl":{"start":{"line":64,"column":4},"end":{"line":64,"column":16}},"loc":{"start":{"line":64,"column":25},"end":{"line":67,"column":5}},"line":64},"6":{"name":"backspace","decl":{"start":{"line":70,"column":11},"end":{"line":70,"column":23}},"loc":{"start":{"line":70,"column":23},"end":{"line":73,"column":null}},"line":70},"7":{"name":"(anonymous_7)","decl":{"start":{"line":72,"column":4},"end":{"line":72,"column":16}},"loc":{"start":{"line":72,"column":26},"end":{"line":72,"column":68}},"line":72},"8":{"name":"clearAll","decl":{"start":{"line":75,"column":11},"end":{"line":75,"column":22}},"loc":{"start":{"line":75,"column":22},"end":{"line":81,"column":null}},"line":75},"9":{"name":"selectOperator","decl":{"start":{"line":83,"column":11},"end":{"line":83,"column":26}},"loc":{"start":{"line":83,"column":58},"end":{"line":88,"column":null}},"line":83},"10":{"name":"applySqrt","decl":{"start":{"line":90,"column":17},"end":{"line":90,"column":29}},"loc":{"start":{"line":90,"column":29},"end":{"line":101,"column":null}},"line":90},"11":{"name":"equals","decl":{"start":{"line":103,"column":17},"end":{"line":103,"column":26}},"loc":{"start":{"line":103,"column":26},"end":{"line":124,"column":null}},"line":103},"12":{"name":"(anonymous_12)","decl":{"start":{"line":154,"column":16},"end":{"line":154,"column":31}},"loc":{"start":{"line":154,"column":31},"end":{"line":154,"column":61}},"line":154},"13":{"name":"(anonymous_13)","decl":{"start":{"line":155,"column":16},"end":{"line":155,"column":31}},"loc":{"start":{"line":155,"column":31},"end":{"line":155,"column":57}},"line":155},"14":{"name":"(anonymous_14)","decl":{"start":{"line":157,"column":16},"end":{"line":157,"column":31}},"loc":{"start":{"line":157,"column":31},"end":{"line":157,"column":48}},"line":157},"15":{"name":"(anonymous_15)","decl":{"start":{"line":158,"column":16},"end":{"line":158,"column":31}},"loc":{"start":{"line":158,"column":31},"end":{"line":158,"column":48}},"line":158},"16":{"name":"(anonymous_16)","decl":{"start":{"line":159,"column":16},"end":{"line":159,"column":31}},"loc":{"start":{"line":159,"column":31},"end":{"line":159,"column":48}},"line":159},"17":{"name":"(anonymous_17)","decl":{"start":{"line":160,"column":16},"end":{"line":160,"column":31}},"loc":{"start":{"line":160,"column":31},"end":{"line":160,"column":59}},"line":160},"18":{"name":"(anonymous_18)","decl":{"start":{"line":162,"column":16},"end":{"line":162,"column":31}},"loc":{"start":{"line":162,"column":31},"end":{"line":162,"column":48}},"line":162},"19":{"name":"(anonymous_19)","decl":{"start":{"line":163,"column":16},"end":{"line":163,"column":31}},"loc":{"start":{"line":163,"column":31},"end":{"line":163,"column":48}},"line":163},"20":{"name":"(anonymous_20)","decl":{"start":{"line":164,"column":16},"end":{"line":164,"column":31}},"loc":{"start":{"line":164,"column":31},"end":{"line":164,"column":48}},"line":164},"21":{"name":"(anonymous_21)","decl":{"start":{"line":165,"column":16},"end":{"line":165,"column":31}},"loc":{"start":{"line":165,"column":31},"end":{"line":165,"column":59}},"line":165},"22":{"name":"(anonymous_22)","decl":{"start":{"line":167,"column":16},"end":{"line":167,"column":31}},"loc":{"start":{"line":167,"column":31},"end":{"line":167,"column":48}},"line":167},"23":{"name":"(anonymous_23)","decl":{"start":{"line":168,"column":16},"end":{"line":168,"column":31}},"loc":{"start":{"line":168,"column":31},"end":{"line":168,"column":48}},"line":168},"24":{"name":"(anonymous_24)","decl":{"start":{"line":169,"column":16},"end":{"line":169,"column":31}},"loc":{"start":{"line":169,"column":31},"end":{"line":169,"column":48}},"line":169},"25":{"name":"(anonymous_25)","decl":{"start":{"line":170,"column":16},"end":{"line":170,"column":31}},"loc":{"start":{"line":170,"column":31},"end":{"line":170,"column":54}},"line":170},"26":{"name":"(anonymous_26)","decl":{"start":{"line":173,"column":16},"end":{"line":173,"column":31}},"loc":{"start":{"line":173,"column":31},"end":{"line":173,"column":48}},"line":173},"27":{"name":"(anonymous_27)","decl":{"start":{"line":175,"column":16},"end":{"line":175,"column":31}},"loc":{"start":{"line":175,"column":31},"end":{"line":175,"column":56}},"line":175}},"branchMap":{"0":{"loc":{"start":{"line":23,"column":2},"end":{"line":23,"column":null}},"type":"if","locations":[{"start":{"line":23,"column":2},"end":{"line":23,"column":null}},{"start":{},"end":{}}],"line":23},"1":{"loc":{"start":{"line":24,"column":2},"end":{"line":24,"column":null}},"type":"if","locations":[{"start":{"line":24,"column":2},"end":{"line":24,"column":null}},{"start":{},"end":{}}],"line":24},"2":{"loc":{"start":{"line":25,"column":2},"end":{"line":25,"column":null}},"type":"if","locations":[{"start":{"line":25,"column":2},"end":{"line":25,"column":null}},{"start":{},"end":{}}],"line":25},"3":{"loc":{"start":{"line":26,"column":2},"end":{"line":26,"column":null}},"type":"if","locations":[{"start":{"line":26,"column":2},"end":{"line":26,"column":null}},{"start":{},"end":{}}],"line":26},"4":{"loc":{"start":{"line":41,"column":34},"end":{"line":41,"column":null}},"type":"binary-expr","locations":[{"start":{"line":41,"column":34},"end":{"line":41,"column":56}},{"start":{"line":41,"column":56},"end":{"line":41,"column":null}}],"line":41},"5":{"loc":{"start":{"line":44,"column":4},"end":{"line":44,"column":null}},"type":"if","locations":[{"start":{"line":44,"column":4},"end":{"line":44,"column":null}},{"start":{},"end":{}}],"line":44},"6":{"loc":{"start":{"line":45,"column":4},"end":{"line":49,"column":null}},"type":"if","locations":[{"start":{"line":45,"column":4},"end":{"line":49,"column":null}},{"start":{},"end":{}}],"line":45},"7":{"loc":{"start":{"line":51,"column":6},"end":{"line":51,"column":null}},"type":"if","locations":[{"start":{"line":51,"column":6},"end":{"line":51,"column":null}},{"start":{},"end":{}}],"line":51},"8":{"loc":{"start":{"line":52,"column":6},"end":{"line":52,"column":null}},"type":"if","locations":[{"start":{"line":52,"column":6},"end":{"line":52,"column":null}},{"start":{},"end":{}}],"line":52},"9":{"loc":{"start":{"line":58,"column":4},"end":{"line":58,"column":null}},"type":"if","locations":[{"start":{"line":58,"column":4},"end":{"line":58,"column":null}},{"start":{},"end":{}}],"line":58},"10":{"loc":{"start":{"line":59,"column":4},"end":{"line":63,"column":null}},"type":"if","locations":[{"start":{"line":59,"column":4},"end":{"line":63,"column":null}},{"start":{},"end":{}}],"line":59},"11":{"loc":{"start":{"line":65,"column":6},"end":{"line":65,"column":null}},"type":"if","locations":[{"start":{"line":65,"column":6},"end":{"line":65,"column":null}},{"start":{},"end":{}}],"line":65},"12":{"loc":{"start":{"line":65,"column":10},"end":{"line":65,"column":67}},"type":"binary-expr","locations":[{"start":{"line":65,"column":10},"end":{"line":65,"column":32}},{"start":{"line":65,"column":32},"end":{"line":65,"column":67}}],"line":65},"13":{"loc":{"start":{"line":71,"column":4},"end":{"line":71,"column":null}},"type":"if","locations":[{"start":{"line":71,"column":4},"end":{"line":71,"column":null}},{"start":{},"end":{}}],"line":71},"14":{"loc":{"start":{"line":71,"column":8},"end":{"line":71,"column":42}},"type":"binary-expr","locations":[{"start":{"line":71,"column":8},"end":{"line":71,"column":17}},{"start":{"line":71,"column":17},"end":{"line":71,"column":42}}],"line":71},"15":{"loc":{"start":{"line":72,"column":26},"end":{"line":72,"column":68}},"type":"cond-expr","locations":[{"start":{"line":72,"column":44},"end":{"line":72,"column":64}},{"start":{"line":72,"column":64},"end":{"line":72,"column":68}}],"line":72},"16":{"loc":{"start":{"line":84,"column":4},"end":{"line":84,"column":null}},"type":"if","locations":[{"start":{"line":84,"column":4},"end":{"line":84,"column":null}},{"start":{},"end":{}}],"line":84},"17":{"loc":{"start":{"line":84,"column":8},"end":{"line":84,"column":42}},"type":"binary-expr","locations":[{"start":{"line":84,"column":8},"end":{"line":84,"column":17}},{"start":{"line":84,"column":17},"end":{"line":84,"column":42}}],"line":84},"18":{"loc":{"start":{"line":91,"column":4},"end":{"line":91,"column":null}},"type":"if","locations":[{"start":{"line":91,"column":4},"end":{"line":91,"column":null}},{"start":{},"end":{}}],"line":91},"19":{"loc":{"start":{"line":91,"column":8},"end":{"line":91,"column":25}},"type":"binary-expr","locations":[{"start":{"line":91,"column":8},"end":{"line":91,"column":17}},{"start":{"line":91,"column":17},"end":{"line":91,"column":25}}],"line":91},"20":{"loc":{"start":{"line":97,"column":15},"end":{"line":97,"column":68}},"type":"cond-expr","locations":[{"start":{"line":97,"column":38},"end":{"line":97,"column":52}},{"start":{"line":97,"column":52},"end":{"line":97,"column":68}}],"line":97},"21":{"loc":{"start":{"line":104,"column":4},"end":{"line":104,"column":null}},"type":"if","locations":[{"start":{"line":104,"column":4},"end":{"line":104,"column":null}},{"start":{},"end":{}}],"line":104},"22":{"loc":{"start":{"line":104,"column":8},"end":{"line":104,"column":63}},"type":"binary-expr","locations":[{"start":{"line":104,"column":8},"end":{"line":104,"column":30}},{"start":{"line":104,"column":30},"end":{"line":104,"column":55}},{"start":{"line":104,"column":55},"end":{"line":104,"column":63}}],"line":104},"23":{"loc":{"start":{"line":112,"column":8},"end":{"line":114,"column":null}},"type":"cond-expr","locations":[{"start":{"line":113,"column":12},"end":{"line":113,"column":null}},{"start":{"line":114,"column":12},"end":{"line":114,"column":null}}],"line":112},"24":{"loc":{"start":{"line":119,"column":15},"end":{"line":119,"column":68}},"type":"cond-expr","locations":[{"start":{"line":119,"column":38},"end":{"line":119,"column":52}},{"start":{"line":119,"column":52},"end":{"line":119,"column":68}}],"line":119},"25":{"loc":{"start":{"line":129,"column":4},"end":{"line":133,"column":null}},"type":"cond-expr","locations":[{"start":{"line":130,"column":8},"end":{"line":130,"column":null}},{"start":{"line":131,"column":8},"end":{"line":133,"column":null}}],"line":129},"26":{"loc":{"start":{"line":131,"column":8},"end":{"line":133,"column":null}},"type":"cond-expr","locations":[{"start":{"line":132,"column":10},"end":{"line":132,"column":null}},{"start":{"line":133,"column":10},"end":{"line":133,"column":null}}],"line":131},"27":{"loc":{"start":{"line":135,"column":20},"end":{"line":135,"column":null}},"type":"cond-expr","locations":[{"start":{"line":135,"column":28},"end":{"line":135,"column":38}},{"start":{"line":135,"column":38},"end":{"line":135,"column":null}}],"line":135},"28":{"loc":{"start":{"line":149,"column":7},"end":{"line":149,"column":null}},"type":"binary-expr","locations":[{"start":{"line":149,"column":7},"end":{"line":149,"column":16}},{"start":{"line":149,"column":16},"end":{"line":149,"column":null}}],"line":149},"29":{"loc":{"start":{"line":180,"column":20},"end":{"line":180,"column":null}},"type":"binary-expr","locations":[{"start":{"line":180,"column":20},"end":{"line":180,"column":30}},{"start":{"line":180,"column":30},"end":{"line":180,"column":null}}],"line":180},"30":{"loc":{"start":{"line":182,"column":11},"end":{"line":182,"column":null}},"type":"cond-expr","locations":[{"start":{"line":182,"column":20},"end":{"line":182,"column":26}},{"start":{"line":182,"column":26},"end":{"line":182,"column":null}}],"line":182}},"s":{"0":1,"1":1,"2":65,"3":65,"4":0,"5":0,"6":0,"7":0,"8":0,"9":0,"10":0,"11":65,"12":65,"13":65,"14":65,"15":65,"16":65,"17":65,"18":27,"19":0,"20":27,"21":7,"22":7,"23":7,"24":20,"25":20,"26":11,"27":9,"28":0,"29":9,"30":2,"31":0,"32":2,"33":0,"34":0,"35":0,"36":2,"37":2,"38":1,"39":1,"40":1,"41":0,"42":1,"43":1,"44":3,"45":3,"46":3,"47":3,"48":3,"49":8,"50":1,"51":7,"52":7,"53":7,"54":2,"55":0,"56":2,"57":2,"58":2,"59":1,"60":1,"61":2,"62":6,"63":0,"64":6,"65":6,"66":6,"67":6,"68":4,"69":4,"70":4,"71":1,"72":6,"73":6,"74":65,"75":65,"76":65,"77":1,"78":1,"79":1,"80":2,"81":4,"82":2,"83":1,"84":4,"85":2,"86":1,"87":2,"88":4,"89":2,"90":2,"91":5,"92":1},"f":{"0":65,"1":65,"2":27,"3":20,"4":2,"5":2,"6":1,"7":1,"8":3,"9":8,"10":2,"11":6,"12":1,"13":1,"14":1,"15":2,"16":4,"17":2,"18":1,"19":4,"20":2,"21":1,"22":2,"23":4,"24":2,"25":2,"26":5,"27":1},"b":{"0":[65,0],"1":[0,0],"2":[0,0],"3":[0,0],"4":[65,22],"5":[0,27],"6":[7,20],"7":[11,9],"8":[0,9],"9":[0,2],"10":[0,2],"11":[1,1],"12":[2,1],"13":[0,1],"14":[1,1],"15":[1,0],"16":[1,7],"17":[8,8],"18":[0,2],"19":[2,2],"20":[1,0],"21":[0,6],"22":[6,6,6],"23":[1,5],"24":[1,0],"25":[43,22],"26":[7,15],"27":[2,63],"28":[65,2],"29":[65,57],"30":[8,57]},"meta":{"lastBranch":31,"lastFunction":28,"lastStatement":93,"seen":{"s:4:25:11:Infinity":0,"s:18:27:18:Infinity":1,"f:22:9:22:24":0,"b:23:2:23:Infinity:undefined:undefined:undefined:undefined":0,"s:23:2:23:Infinity":2,"s:23:24:23:Infinity":3,"b:24:2:24:Infinity:undefined:undefined:undefined:undefined":1,"s:24:2:24:Infinity":4,"s:24:25:24:Infinity":5,"b:25:2:25:Infinity:undefined:undefined:undefined:undefined":2,"s:25:2:25:Infinity":6,"s:25:25:25:Infinity":7,"b:26:2:26:Infinity:undefined:undefined:undefined:undefined":3,"s:26:2:26:Infinity":8,"s:26:25:26:Infinity":9,"s:27:2:27:Infinity":10,"f:30:9:30:22":1,"s:31:32:31:Infinity":11,"s:32:42:32:Infinity":12,"s:33:36:33:Infinity":13,"s:34:64:34:Infinity":14,"s:35:30:35:Infinity":15,"s:36:28:36:Infinity":16,"s:41:34:41:Infinity":17,"b:41:34:41:56:41:56:41:Infinity":4,"f:43:11:43:22":2,"b:44:4:44:Infinity:undefined:undefined:undefined:undefined":5,"s:44:4:44:Infinity":18,"s:44:15:44:Infinity":19,"b:45:4:49:Infinity:undefined:undefined:undefined:undefined":6,"s:45:4:49:Infinity":20,"s:46:6:46:Infinity":21,"s:47:6:47:Infinity":22,"s:48:6:48:Infinity":23,"s:50:4:54:Infinity":24,"f:50:4:50:16":3,"b:51:6:51:Infinity:undefined:undefined:undefined:undefined":7,"s:51:6:51:Infinity":25,"s:51:24:51:Infinity":26,"b:52:6:52:Infinity:undefined:undefined:undefined:undefined":8,"s:52:6:52:Infinity":27,"s:52:45:52:Infinity":28,"s:53:6:53:Infinity":29,"f:57:11:57:26":4,"b:58:4:58:Infinity:undefined:undefined:undefined:undefined":9,"s:58:4:58:Infinity":30,"s:58:15:58:Infinity":31,"b:59:4:63:Infinity:undefined:undefined:undefined:undefined":10,"s:59:4:63:Infinity":32,"s:60:6:60:Infinity":33,"s:61:6:61:Infinity":34,"s:62:6:62:Infinity":35,"s:64:4:67:Infinity":36,"f:64:4:64:16":5,"b:65:6:65:Infinity:undefined:undefined:undefined:undefined":11,"s:65:6:65:Infinity":37,"b:65:10:65:32:65:32:65:67":12,"s:65:67:65:Infinity":38,"s:66:6:66:Infinity":39,"f:70:11:70:23":6,"b:71:4:71:Infinity:undefined:undefined:undefined:undefined":13,"s:71:4:71:Infinity":40,"b:71:8:71:17:71:17:71:42":14,"s:71:42:71:Infinity":41,"s:72:4:72:Infinity":42,"f:72:4:72:16":7,"s:72:26:72:68":43,"b:72:44:72:64:72:64:72:68":15,"f:75:11:75:22":8,"s:76:4:76:Infinity":44,"s:77:4:77:Infinity":45,"s:78:4:78:Infinity":46,"s:79:4:79:Infinity":47,"s:80:4:80:Infinity":48,"f:83:11:83:26":9,"b:84:4:84:Infinity:undefined:undefined:undefined:undefined":16,"s:84:4:84:Infinity":49,"b:84:8:84:17:84:17:84:42":17,"s:84:42:84:Infinity":50,"s:85:4:85:Infinity":51,"s:86:4:86:Infinity":52,"s:87:4:87:Infinity":53,"f:90:17:90:29":10,"b:91:4:91:Infinity:undefined:undefined:undefined:undefined":18,"s:91:4:91:Infinity":54,"b:91:8:91:17:91:17:91:25":19,"s:91:25:91:Infinity":55,"s:92:4:92:Infinity":56,"s:93:4:100:Infinity":57,"s:94:23:94:Infinity":58,"s:95:6:95:Infinity":59,"s:97:6:97:Infinity":60,"b:97:38:97:52:97:52:97:68":20,"s:99:6:99:Infinity":61,"f:103:17:103:26":11,"b:104:4:104:Infinity:undefined:undefined:undefined:undefined":21,"s:104:4:104:Infinity":62,"b:104:8:104:30:104:30:104:55:104:55:104:63":22,"s:104:63:104:Infinity":63,"s:105:4:105:Infinity":64,"s:106:4:123:Infinity":65,"s:107:28:107:Infinity":66,"s:112:8:114:Infinity":67,"b:113:12:113:Infinity:114:12:114:Infinity":23,"s:115:6:115:Infinity":68,"s:116:6:116:Infinity":69,"s:117:6:117:Infinity":70,"s:119:6:119:Infinity":71,"b:119:38:119:52:119:52:119:68":24,"s:121:6:121:Infinity":72,"s:122:6:122:Infinity":73,"s:129:4:133:Infinity":74,"b:130:8:130:Infinity:131:8:133:Infinity":25,"b:132:10:132:Infinity:133:10:133:Infinity":26,"s:135:20:135:Infinity":75,"b:135:28:135:38:135:38:135:Infinity":27,"s:137:2:185:Infinity":76,"b:149:7:149:16:149:16:149:Infinity":28,"f:154:16:154:31":12,"s:154:31:154:61":77,"f:155:16:155:31":13,"s:155:31:155:57":78,"f:157:16:157:31":14,"s:157:31:157:48":79,"f:158:16:158:31":15,"s:158:31:158:48":80,"f:159:16:159:31":16,"s:159:31:159:48":81,"f:160:16:160:31":17,"s:160:31:160:59":82,"f:162:16:162:31":18,"s:162:31:162:48":83,"f:163:16:163:31":19,"s:163:31:163:48":84,"f:164:16:164:31":20,"s:164:31:164:48":85,"f:165:16:165:31":21,"s:165:31:165:59":86,"f:167:16:167:31":22,"s:167:31:167:48":87,"f:168:16:168:31":23,"s:168:31:168:48":88,"f:169:16:169:31":24,"s:169:31:169:48":89,"f:170:16:170:31":25,"s:170:31:170:54":90,"f:173:16:173:31":26,"s:173:31:173:48":91,"f:175:16:175:31":27,"s:175:31:175:56":92,"b:180:20:180:30:180:30:180:Infinity":29,"b:182:20:182:26:182:26:182:Infinity":30},"fnNames":{}}}
,"/Users/paasxx/Documents/github/sezzle-calculator/frontend/src/api/client.ts": {"path":"/Users/paasxx/Documents/github/sezzle-calculator/frontend/src/api/client.ts","statementMap":{"0":{"start":{"line":3,"column":16},"end":{"line":3,"column":null}},"1":{"start":{"line":6,"column":14},"end":{"line":10,"column":null}},"2":{"start":{"line":12,"column":15},"end":{"line":12,"column":null}},"3":{"start":{"line":14,"column":2},"end":{"line":16,"column":null}},"4":{"start":{"line":15,"column":4},"end":{"line":15,"column":null}},"5":{"start":{"line":18,"column":2},"end":{"line":18,"column":null}},"6":{"start":{"line":29,"column":2},"end":{"line":36,"column":null}},"7":{"start":{"line":31,"column":6},"end":{"line":31,"column":null}},"8":{"start":{"line":33,"column":6},"end":{"line":33,"column":null}},"9":{"start":{"line":35,"column":6},"end":{"line":35,"column":null}}},"fnMap":{"0":{"name":"post","decl":{"start":{"line":5,"column":15},"end":{"line":5,"column":20}},"loc":{"start":{"line":5,"column":75},"end":{"line":19,"column":null}},"line":5},"1":{"name":"calculate","decl":{"start":{"line":24,"column":16},"end":{"line":24,"column":null}},"loc":{"start":{"line":28,"column":28},"end":{"line":37,"column":null}},"line":28}},"branchMap":{"0":{"loc":{"start":{"line":3,"column":16},"end":{"line":3,"column":null}},"type":"binary-expr","locations":[{"start":{"line":3,"column":16},"end":{"line":3,"column":48}},{"start":{"line":3,"column":48},"end":{"line":3,"column":null}}],"line":3},"1":{"loc":{"start":{"line":14,"column":2},"end":{"line":16,"column":null}},"type":"if","locations":[{"start":{"line":14,"column":2},"end":{"line":16,"column":null}},{"start":{},"end":{}}],"line":14},"2":{"loc":{"start":{"line":15,"column":20},"end":{"line":15,"column":50}},"type":"binary-expr","locations":[{"start":{"line":15,"column":20},"end":{"line":15,"column":34}},{"start":{"line":15,"column":34},"end":{"line":15,"column":50}}],"line":15},"3":{"loc":{"start":{"line":29,"column":2},"end":{"line":36,"column":null}},"type":"switch","locations":[{"start":{"line":30,"column":4},"end":{"line":31,"column":null}},{"start":{"line":32,"column":4},"end":{"line":33,"column":null}},{"start":{"line":34,"column":4},"end":{"line":35,"column":null}}],"line":29}},"s":{"0":1,"1":4,"2":4,"3":4,"4":1,"5":3,"6":4,"7":1,"8":1,"9":2},"f":{"0":4,"1":4},"b":{"0":[1,1],"1":[1,3],"2":[1,0],"3":[1,1,2]},"meta":{"lastBranch":4,"lastFunction":2,"lastStatement":10,"seen":{"s:3:16:3:Infinity":0,"b:3:16:3:48:3:48:3:Infinity":0,"f:5:15:5:20":0,"s:6:14:10:Infinity":1,"s:12:15:12:Infinity":2,"b:14:2:16:Infinity:undefined:undefined:undefined:undefined":1,"s:14:2:16:Infinity":3,"s:15:4:15:Infinity":4,"b:15:20:15:34:15:34:15:50":2,"s:18:2:18:Infinity":5,"f:24:16:24:Infinity":1,"b:30:4:31:Infinity:32:4:33:Infinity:34:4:35:Infinity":3,"s:29:2:36:Infinity":6,"s:31:6:31:Infinity":7,"s:33:6:33:Infinity":8,"s:35:6:35:Infinity":9},"fnNames":{}}}
}
